Building DAG of jobs...
Using shell: /usr/bin/bash
Provided cores: 1 (use --cores to define parallelism)
Rules claiming more threads will be scaled down.
Job counts:
	count	jobs
	1	all
	1	apply_annotation
	1	build_train_test_experiment_log_tpm_dataset
	1	build_untampered_bulk_primary_cells_with_data_log_tpm_dataset
	1	build_untampered_single_cell_primary_cells_with_data_cell_types_in_bulk
	1	label_train_test_experiment_sets
	1	label_untampered_bulk_primary_cells_with_data
	1	label_untampered_single_cell_primary_cells_with_data
	1	label_untampered_single_cell_primary_cells_with_data_cell_types_in_bulk
	1	metadata_train_test_experiment_sets
	1	metadata_untampered_bulk_primary_cells_with_data
	1	metadata_untampered_single_cell_primary_cells_with_data_cell_types_in_bulk
	1	select_all_untampered_bulk_exps_w_data
	1	select_train_test_experiment_sets
	1	select_untampered_bulk_primary_cells_with_data
	1	select_untampered_single_cell_primary_cells_with_data
	1	select_untampered_single_cell_primary_cells_with_data_cell_types_in_bulk
	17

[Tue May  5 11:58:22 2020]
rule apply_annotation:
    input: /ua/mnbernstein/projects/tbcp/cello_dev/metadata/cell_type_primary_cells_v1-4.annot_9.experiment_centric.json
    output: /tier2/deweylab/mnbernstein/phenotyping_environments/metasra_1-4.annot_9/annotation.json
    jobid: 13

[Tue May  5 12:01:37 2020]
Finished job 13.
1 of 17 steps (6%) done

[Tue May  5 12:01:37 2020]
rule select_all_untampered_bulk_exps_w_data:
    input: /tier2/deweylab/mnbernstein/phenotyping_environments/metasra_1-4.annot_9/annotation.json
    output: /tier2/deweylab/mnbernstein/phenotyping_environments/metasra_1-4.annot_9/experiment_sets/all_untampered_bulk_primary_cells_with_data.json
    jobid: 14

Shutting down, this might take some time.
Exiting because a job execution failed. Look above for error message
Complete log: /ua/mnbernstein/projects/tbcp/cello_dev/build_dataset/.snakemake/log/2020-05-05T115822.121237.snakemake.log
