Building DAG of jobs...
Using shell: /usr/bin/bash
Provided cores: 1 (use --cores to define parallelism)
Rules claiming more threads will be scaled down.
Job counts:
	count	jobs
	1	all
	1	build_train_test_experiment_log_tpm_dataset
	1	build_untampered_bulk_primary_cells_with_data_log_tpm_dataset
	1	build_untampered_single_cell_primary_cells_with_data_cell_types_in_bulk
	1	label_train_test_experiment_sets
	1	label_untampered_bulk_primary_cells_with_data
	1	label_untampered_single_cell_primary_cells_with_data
	1	label_untampered_single_cell_primary_cells_with_data_cell_types_in_bulk
	1	metadata_train_test_experiment_sets
	1	metadata_untampered_bulk_primary_cells_with_data
	1	metadata_untampered_single_cell_primary_cells_with_data_cell_types_in_bulk
	1	select_all_untampered_bulk_exps_w_data
	1	select_train_test_experiment_sets
	1	select_untampered_bulk_primary_cells_with_data
	1	select_untampered_single_cell_primary_cells_with_data
	1	select_untampered_single_cell_primary_cells_with_data_cell_types_in_bulk
	16

[Tue May  5 12:01:53 2020]
rule select_untampered_single_cell_primary_cells_with_data:
    input: /tier2/deweylab/mnbernstein/phenotyping_environments/metasra_1-4.annot_9/annotation.json
    output: /tier2/deweylab/mnbernstein/phenotyping_environments/metasra_1-4.annot_9/experiment_sets/untampered_single_cell_primary_cells_with_data.json
    jobid: 15

[Tue May  5 12:19:10 2020]
Finished job 15.
1 of 16 steps (6%) done

[Tue May  5 12:19:10 2020]
rule select_all_untampered_bulk_exps_w_data:
    input: /tier2/deweylab/mnbernstein/phenotyping_environments/metasra_1-4.annot_9/annotation.json
    output: /tier2/deweylab/mnbernstein/phenotyping_environments/metasra_1-4.annot_9/experiment_sets/all_untampered_bulk_primary_cells_with_data.json
    jobid: 14

[Tue May  5 12:35:16 2020]
Finished job 14.
2 of 16 steps (12%) done

[Tue May  5 12:35:17 2020]
rule select_train_test_experiment_sets:
    input: /tier2/deweylab/mnbernstein/phenotyping_environments/metasra_1-4.annot_9/annotation.json, /tier2/deweylab/mnbernstein/phenotyping_environments/metasra_1-4.annot_9/experiment_sets/all_untampered_bulk_primary_cells_with_data.json
    output: /tier2/deweylab/mnbernstein/phenotyping_environments/metasra_1-4.annot_9/experiment_sets/train_set.untampered_bulk_primary_cells_with_data.json, /tier2/deweylab/mnbernstein/phenotyping_environments/metasra_1-4.annot_9/experiment_sets/test_set.untampered_bulk_primary_cells_with_data.json
    jobid: 10

[Tue May  5 12:35:28 2020]
Finished job 10.
3 of 16 steps (19%) done

[Tue May  5 12:35:28 2020]
rule label_untampered_single_cell_primary_cells_with_data:
    input: /tier2/deweylab/mnbernstein/phenotyping_environments/metasra_1-4.annot_9/experiment_sets/untampered_single_cell_primary_cells_with_data.json
    output: /tier2/deweylab/mnbernstein/phenotyping_environments/metasra_1-4.annot_9/datasets/untampered_single_cell_primary_cells_with_data/labels.json
    jobid: 16

[Tue May  5 12:35:42 2020]
Finished job 16.
4 of 16 steps (25%) done

[Tue May  5 12:35:42 2020]
rule select_untampered_bulk_primary_cells_with_data:
    input: /tier2/deweylab/mnbernstein/phenotyping_environments/metasra_1-4.annot_9/experiment_sets/train_set.untampered_bulk_primary_cells_with_data.json, /tier2/deweylab/mnbernstein/phenotyping_environments/metasra_1-4.annot_9/experiment_sets/test_set.untampered_bulk_primary_cells_with_data.json
    output: /tier2/deweylab/mnbernstein/phenotyping_environments/metasra_1-4.annot_9/experiment_sets/untampered_bulk_primary_cells_with_data.json
    jobid: 11

[Tue May  5 12:35:51 2020]
Finished job 11.
5 of 16 steps (31%) done

[Tue May  5 12:35:51 2020]
rule label_train_test_experiment_sets:
    input: /tier2/deweylab/mnbernstein/phenotyping_environments/metasra_1-4.annot_9/experiment_sets/train_set.untampered_bulk_primary_cells_with_data.json, /tier2/deweylab/mnbernstein/phenotyping_environments/metasra_1-4.annot_9/experiment_sets/test_set.untampered_bulk_primary_cells_with_data.json
    output: /tier2/deweylab/mnbernstein/phenotyping_environments/metasra_1-4.annot_9/datasets/train_set.untampered_bulk_primary_cells_with_data/labels.json, /tier2/deweylab/mnbernstein/phenotyping_environments/metasra_1-4.annot_9/datasets/test_set.untampered_bulk_primary_cells_with_data/labels.json
    jobid: 1

[Tue May  5 12:36:13 2020]
Finished job 1.
6 of 16 steps (38%) done

[Tue May  5 12:36:13 2020]
rule build_train_test_experiment_log_tpm_dataset:
    input: /tier2/deweylab/mnbernstein/phenotyping_environments/metasra_1-4.annot_9/experiment_sets/train_set.untampered_bulk_primary_cells_with_data.json, /tier2/deweylab/mnbernstein/phenotyping_environments/metasra_1-4.annot_9/experiment_sets/test_set.untampered_bulk_primary_cells_with_data.json
    output: /tier2/deweylab/mnbernstein/phenotyping_environments/metasra_1-4.annot_9/datasets/train_set.untampered_bulk_primary_cells_with_data/log_tpm.h5, /tier2/deweylab/mnbernstein/phenotyping_environments/metasra_1-4.annot_9/datasets/test_set.untampered_bulk_primary_cells_with_data/log_tpm.h5
    jobid: 2

[Tue May  5 13:22:27 2020]
Finished job 2.
7 of 16 steps (44%) done

[Tue May  5 13:22:27 2020]
rule metadata_train_test_experiment_sets:
    input: /tier2/deweylab/mnbernstein/phenotyping_environments/metasra_1-4.annot_9/experiment_sets/train_set.untampered_bulk_primary_cells_with_data.json, /tier2/deweylab/mnbernstein/phenotyping_environments/metasra_1-4.annot_9/experiment_sets/test_set.untampered_bulk_primary_cells_with_data.json
    output: /tier2/deweylab/mnbernstein/phenotyping_environments/metasra_1-4.annot_9/datasets/train_set.untampered_bulk_primary_cells_with_data/experiment_to_study.json, /tier2/deweylab/mnbernstein/phenotyping_environments/metasra_1-4.annot_9/datasets/test_set.untampered_bulk_primary_cells_with_data/experiment_to_study.json, /tier2/deweylab/mnbernstein/phenotyping_environments/metasra_1-4.annot_9/datasets/train_set.untampered_bulk_primary_cells_with_data/experiment_to_tags.json, /tier2/deweylab/mnbernstein/phenotyping_environments/metasra_1-4.annot_9/datasets/test_set.untampered_bulk_primary_cells_with_data/experiment_to_tags.json
    jobid: 3

[Tue May  5 13:22:36 2020]
Finished job 3.
8 of 16 steps (50%) done

[Tue May  5 13:22:36 2020]
rule build_untampered_bulk_primary_cells_with_data_log_tpm_dataset:
    input: /tier2/deweylab/mnbernstein/phenotyping_environments/metasra_1-4.annot_9/experiment_sets/untampered_bulk_primary_cells_with_data.json
    output: /tier2/deweylab/mnbernstein/phenotyping_environments/metasra_1-4.annot_9/datasets/untampered_bulk_primary_cells_with_data/log_tpm.h5
    jobid: 5

[Tue May  5 14:28:11 2020]
Finished job 5.
9 of 16 steps (56%) done

[Tue May  5 14:28:11 2020]
rule label_untampered_bulk_primary_cells_with_data:
    input: /tier2/deweylab/mnbernstein/phenotyping_environments/metasra_1-4.annot_9/experiment_sets/untampered_bulk_primary_cells_with_data.json
    output: /tier2/deweylab/mnbernstein/phenotyping_environments/metasra_1-4.annot_9/datasets/untampered_bulk_primary_cells_with_data/labels.json
    jobid: 4

[Tue May  5 14:28:27 2020]
Finished job 4.
10 of 16 steps (62%) done

[Tue May  5 14:28:27 2020]
rule select_untampered_single_cell_primary_cells_with_data_cell_types_in_bulk:
    input: /tier2/deweylab/mnbernstein/phenotyping_environments/metasra_1-4.annot_9/experiment_sets/untampered_single_cell_primary_cells_with_data.json, /tier2/deweylab/mnbernstein/phenotyping_environments/metasra_1-4.annot_9/datasets/untampered_single_cell_primary_cells_with_data/labels.json, /tier2/deweylab/mnbernstein/phenotyping_environments/metasra_1-4.annot_9/experiment_sets/untampered_bulk_primary_cells_with_data.json, /tier2/deweylab/mnbernstein/phenotyping_environments/metasra_1-4.annot_9/datasets/untampered_bulk_primary_cells_with_data/labels.json
    output: /tier2/deweylab/mnbernstein/phenotyping_environments/metasra_1-4.annot_9/experiment_sets/untampered_single_cell_primary_cells_with_data_cell_types_in_bulk.json
    jobid: 12

[Tue May  5 14:28:51 2020]
Finished job 12.
11 of 16 steps (69%) done

[Tue May  5 14:28:51 2020]
rule build_untampered_single_cell_primary_cells_with_data_cell_types_in_bulk:
    input: /tier2/deweylab/mnbernstein/phenotyping_environments/metasra_1-4.annot_9/experiment_sets/untampered_single_cell_primary_cells_with_data_cell_types_in_bulk.json
    output: /tier2/deweylab/mnbernstein/phenotyping_environments/metasra_1-4.annot_9/datasets/untampered_single_cell_primary_cells_with_data_cell_types_in_bulk/log_tpm.h5
    jobid: 8

[Tue May  5 15:28:51 2020]
Finished job 8.
12 of 16 steps (75%) done

[Tue May  5 15:28:51 2020]
rule label_untampered_single_cell_primary_cells_with_data_cell_types_in_bulk:
    input: /tier2/deweylab/mnbernstein/phenotyping_environments/metasra_1-4.annot_9/experiment_sets/untampered_single_cell_primary_cells_with_data_cell_types_in_bulk.json
    output: /tier2/deweylab/mnbernstein/phenotyping_environments/metasra_1-4.annot_9/datasets/untampered_single_cell_primary_cells_with_data_cell_types_in_bulk/labels.json
    jobid: 7

[Tue May  5 15:29:06 2020]
Finished job 7.
13 of 16 steps (81%) done

[Tue May  5 15:29:06 2020]
rule metadata_untampered_single_cell_primary_cells_with_data_cell_types_in_bulk:
    input: /tier2/deweylab/mnbernstein/phenotyping_environments/metasra_1-4.annot_9/experiment_sets/untampered_single_cell_primary_cells_with_data_cell_types_in_bulk.json
    output: /tier2/deweylab/mnbernstein/phenotyping_environments/metasra_1-4.annot_9/datasets/untampered_single_cell_primary_cells_with_data_cell_types_in_bulk/experiment_to_study.json, /tier2/deweylab/mnbernstein/phenotyping_environments/metasra_1-4.annot_9/datasets/untampered_single_cell_primary_cells_with_data_cell_types_in_bulk/experiment_to_tags.json
    jobid: 9

[Tue May  5 15:29:08 2020]
Finished job 9.
14 of 16 steps (88%) done

[Tue May  5 15:29:09 2020]
rule metadata_untampered_bulk_primary_cells_with_data:
    input: /tier2/deweylab/mnbernstein/phenotyping_environments/metasra_1-4.annot_9/experiment_sets/untampered_bulk_primary_cells_with_data.json
    output: /tier2/deweylab/mnbernstein/phenotyping_environments/metasra_1-4.annot_9/datasets/untampered_bulk_primary_cells_with_data/experiment_to_study.json, /tier2/deweylab/mnbernstein/phenotyping_environments/metasra_1-4.annot_9/datasets/untampered_bulk_primary_cells_with_data/experiment_to_tags.json
    jobid: 6

[Tue May  5 15:29:17 2020]
Finished job 6.
15 of 16 steps (94%) done

[Tue May  5 15:29:17 2020]
localrule all:
    input: /tier2/deweylab/mnbernstein/phenotyping_environments/metasra_1-4.annot_9/datasets/train_set.untampered_bulk_primary_cells_with_data/labels.json, /tier2/deweylab/mnbernstein/phenotyping_environments/metasra_1-4.annot_9/datasets/train_set.untampered_bulk_primary_cells_with_data/log_tpm.h5, /tier2/deweylab/mnbernstein/phenotyping_environments/metasra_1-4.annot_9/datasets/train_set.untampered_bulk_primary_cells_with_data/experiment_to_study.json, /tier2/deweylab/mnbernstein/phenotyping_environments/metasra_1-4.annot_9/datasets/train_set.untampered_bulk_primary_cells_with_data/experiment_to_tags.json, /tier2/deweylab/mnbernstein/phenotyping_environments/metasra_1-4.annot_9/datasets/test_set.untampered_bulk_primary_cells_with_data/labels.json, /tier2/deweylab/mnbernstein/phenotyping_environments/metasra_1-4.annot_9/datasets/test_set.untampered_bulk_primary_cells_with_data/log_tpm.h5, /tier2/deweylab/mnbernstein/phenotyping_environments/metasra_1-4.annot_9/datasets/test_set.untampered_bulk_primary_cells_with_data/experiment_to_study.json, /tier2/deweylab/mnbernstein/phenotyping_environments/metasra_1-4.annot_9/datasets/test_set.untampered_bulk_primary_cells_with_data/experiment_to_tags.json, /tier2/deweylab/mnbernstein/phenotyping_environments/metasra_1-4.annot_9/datasets/untampered_bulk_primary_cells_with_data/labels.json, /tier2/deweylab/mnbernstein/phenotyping_environments/metasra_1-4.annot_9/datasets/untampered_bulk_primary_cells_with_data/log_tpm.h5, /tier2/deweylab/mnbernstein/phenotyping_environments/metasra_1-4.annot_9/datasets/untampered_bulk_primary_cells_with_data/experiment_to_study.json, /tier2/deweylab/mnbernstein/phenotyping_environments/metasra_1-4.annot_9/datasets/untampered_bulk_primary_cells_with_data/experiment_to_tags.json, /tier2/deweylab/mnbernstein/phenotyping_environments/metasra_1-4.annot_9/datasets/untampered_single_cell_primary_cells_with_data_cell_types_in_bulk/labels.json, /tier2/deweylab/mnbernstein/phenotyping_environments/metasra_1-4.annot_9/datasets/untampered_single_cell_primary_cells_with_data_cell_types_in_bulk/log_tpm.h5, /tier2/deweylab/mnbernstein/phenotyping_environments/metasra_1-4.annot_9/datasets/untampered_single_cell_primary_cells_with_data_cell_types_in_bulk/experiment_to_study.json, /tier2/deweylab/mnbernstein/phenotyping_environments/metasra_1-4.annot_9/datasets/untampered_single_cell_primary_cells_with_data_cell_types_in_bulk/experiment_to_tags.json
    jobid: 0

[Tue May  5 15:29:17 2020]
Finished job 0.
16 of 16 steps (100%) done
Complete log: /ua/mnbernstein/projects/tbcp/cello_dev/build_dataset/.snakemake/log/2020-05-05T120150.739253.snakemake.log
