Building DAG of jobs...
Using shell: /usr/bin/bash
Provided cores: 1 (use --cores to define parallelism)
Rules claiming more threads will be scaled down.
Job counts:
	count	jobs
	1	build_untampered_single_cell_primary_cells_with_data_cell_types_in_bulk
	1	select_untampered_single_cell_primary_cells_with_data_cell_types_in_bulk
	2

[Mon May  4 15:10:55 2020]
rule select_untampered_single_cell_primary_cells_with_data_cell_types_in_bulk:
    input: /tier2/deweylab/mnbernstein/phenotyping_environments/metasra_1-4.annot_9/experiment_sets/untampered_single_cell_primary_cells_with_data.json, /tier2/deweylab/mnbernstein/phenotyping_environments/metasra_1-4.annot_9/datasets/untampered_single_cell_primary_cells_with_data/labels.json, /tier2/deweylab/mnbernstein/phenotyping_environments/metasra_1-4.annot_9/experiment_sets/untampered_bulk_primary_cells_with_data.json, /tier2/deweylab/mnbernstein/phenotyping_environments/metasra_1-4.annot_9/datasets/untampered_bulk_primary_cells_with_data/labels.json
    output: /tier2/deweylab/mnbernstein/phenotyping_environments/metasra_1-4.annot_9/experiment_sets/untampered_single_cell_primary_cells_with_data_cell_types_in_bulk.json
    jobid: 1

[Mon May  4 15:11:06 2020]
Finished job 1.
1 of 2 steps (50%) done

[Mon May  4 15:11:06 2020]
rule build_untampered_single_cell_primary_cells_with_data_cell_types_in_bulk:
    input: /tier2/deweylab/mnbernstein/phenotyping_environments/metasra_1-4.annot_9/experiment_sets/untampered_single_cell_primary_cells_with_data_cell_types_in_bulk.json
    output: /tier2/deweylab/mnbernstein/phenotyping_environments/metasra_1-4.annot_9/datasets/untampered_single_cell_primary_cells_with_data_cell_types_in_bulk/log_tpm.h5
    jobid: 0

[Mon May  4 15:37:59 2020]
Finished job 0.
2 of 2 steps (100%) done
Complete log: /ua/mnbernstein/projects/tbcp/cello_dev/build_dataset/.snakemake/log/2020-05-04T151055.217691.snakemake.log
