Building DAG of jobs...
Using shell: /usr/bin/bash
Provided cores: 1 (use --cores to define parallelism)
Rules claiming more threads will be scaled down.
Job counts:
	count	jobs
	1	build_10x_log_cpm
	1	label_10x
	2

[Mon Jun  1 17:12:45 2020]
rule build_10x_log_cpm:
    input: /tier2/deweylab/mnbernstein/phenotyping_environments/metasra_1-4.annot_10/datasets/zheng_10x_PBMC_2000_cells_per_type/counts.h5
    output: /tier2/deweylab/mnbernstein/phenotyping_environments/metasra_1-4.annot_10/datasets/zheng_10x_PBMC_2000_cells_per_type/log_cpm.h5
    jobid: 1

[Mon Jun  1 17:16:03 2020]
Finished job 1.
1 of 2 steps (50%) done

[Mon Jun  1 17:16:03 2020]
rule label_10x:
    input: /tier2/deweylab/mnbernstein/phenotyping_environments/metasra_1-4.annot_10/datasets/zheng_10x_PBMC_2000_cells_per_type/log_cpm.h5
    output: /tier2/deweylab/mnbernstein/phenotyping_environments/metasra_1-4.annot_10/datasets/zheng_10x_PBMC_2000_cells_per_type/labels.json
    jobid: 0

[Mon Jun  1 17:16:21 2020]
Finished job 0.
2 of 2 steps (100%) done
Complete log: /ua/mnbernstein/projects/tbcp/cello_dev/build_dataset/.snakemake/log/2020-06-01T171245.269012.snakemake.log
